22:12:07 INFO  : Registering command handlers for SDK TCF services
22:12:09 INFO  : Launching XSCT server: xsct.bat -interactive C:\Users\PC\Desktop\FinalProjectECE532\handgesture\handgesture.sdk\temp_xsdb_launch_script.tcl
22:12:15 INFO  : XSCT server has started successfully.
22:12:19 INFO  : Successfully done setting XSCT server connection channel  
22:12:19 INFO  : Successfully done setting SDK workspace  
22:12:19 INFO  : Processing command line option -hwspec C:/Users/PC/Desktop/FinalProjectECE532/handgesture/handgesture.sdk/handgesture_mb_wrapper.hdf.
22:15:00 INFO  : Connected to target on host '127.0.0.1' and port '3121'.
22:15:00 INFO  : 'targets -set -filter {jtag_cable_name =~ "Digilent Nexys4DDR 210292646209A" && level==0} -index 0' command is executed.
22:15:02 INFO  : FPGA configured successfully with bitstream "C:/Users/PC/Desktop/FinalProjectECE532/handgesture/handgesture.sdk/handgesture_mb_wrapper_hw_platform_0/download.bit"
22:17:35 INFO  : Connected to target on host '127.0.0.1' and port '3121'.
22:17:35 INFO  : Jtag cable 'Digilent Nexys4DDR 210292646209A' is selected.
22:17:35 INFO  : 'jtag frequency' command is executed.
22:17:35 INFO  : 'targets -set -filter {jtag_cable_name =~ "Digilent Nexys4DDR 210292646209A" && level==0} -index 0' command is executed.
22:17:37 INFO  : FPGA configured successfully with bitstream "C:/Users/PC/Desktop/FinalProjectECE532/handgesture/handgesture.sdk/handgesture_mb_wrapper_hw_platform_0/handgesture_mb_wrapper.bit"
22:17:37 INFO  : 'configparams mdm-detect-bscan-mask 2' command is executed.
22:17:37 INFO  : Context for processor 'microblaze_0' is selected.
22:17:37 INFO  : Processor reset is completed for 'microblaze_0'.
22:17:38 INFO  : Context for processor 'microblaze_0' is selected.
22:17:38 INFO  : The application 'C:/Users/PC/Desktop/FinalProjectECE532/handgesture/handgesture.sdk/mb_simple/Debug/mb_simple.elf' is downloaded to processor 'microblaze_0'.
22:17:38 INFO  : ----------------XSDB Script----------------
connect -url tcp:127.0.0.1:3121
targets -set -filter {jtag_cable_name =~ "Digilent Nexys4DDR 210292646209A" && level==0} -index 0
fpga -file C:/Users/PC/Desktop/FinalProjectECE532/handgesture/handgesture.sdk/handgesture_mb_wrapper_hw_platform_0/handgesture_mb_wrapper.bit
configparams mdm-detect-bscan-mask 2
targets -set -nocase -filter {name =~ "microblaze*#0" && bscan=="USER2"  && jtag_cable_name =~ "Digilent Nexys4DDR 210292646209A"} -index 0
rst -processor
targets -set -nocase -filter {name =~ "microblaze*#0" && bscan=="USER2"  && jtag_cable_name =~ "Digilent Nexys4DDR 210292646209A"} -index 0
dow C:/Users/PC/Desktop/FinalProjectECE532/handgesture/handgesture.sdk/mb_simple/Debug/mb_simple.elf
----------------End of Script----------------

22:17:38 INFO  : Context for processor 'microblaze_0' is selected.
22:17:38 INFO  : 'con' command is executed.
22:17:38 INFO  : ----------------XSDB Script (After Launch)----------------
targets -set -nocase -filter {name =~ "microblaze*#0" && bscan=="USER2"  && jtag_cable_name =~ "Digilent Nexys4DDR 210292646209A"} -index 0
con
----------------End of Script----------------

22:17:38 INFO  : Disconnected from the channel tcfchan#1.
22:18:04 INFO  : Connected to target on host '127.0.0.1' and port '3121'.
22:18:05 INFO  : Jtag cable 'Digilent Nexys4DDR 210292646209A' is selected.
22:18:05 INFO  : 'jtag frequency' command is executed.
22:18:05 INFO  : 'targets -set -filter {jtag_cable_name =~ "Digilent Nexys4DDR 210292646209A" && level==0} -index 0' command is executed.
22:18:07 INFO  : FPGA configured successfully with bitstream "C:/Users/PC/Desktop/FinalProjectECE532/handgesture/handgesture.sdk/handgesture_mb_wrapper_hw_platform_0/handgesture_mb_wrapper.bit"
22:18:07 INFO  : 'configparams mdm-detect-bscan-mask 2' command is executed.
22:18:07 INFO  : Context for processor 'microblaze_0' is selected.
22:18:07 INFO  : Processor reset is completed for 'microblaze_0'.
22:18:07 INFO  : Context for processor 'microblaze_0' is selected.
22:18:07 INFO  : The application 'C:/Users/PC/Desktop/FinalProjectECE532/handgesture/handgesture.sdk/mb_simple/Debug/mb_simple.elf' is downloaded to processor 'microblaze_0'.
22:18:07 INFO  : ----------------XSDB Script----------------
connect -url tcp:127.0.0.1:3121
targets -set -filter {jtag_cable_name =~ "Digilent Nexys4DDR 210292646209A" && level==0} -index 0
fpga -file C:/Users/PC/Desktop/FinalProjectECE532/handgesture/handgesture.sdk/handgesture_mb_wrapper_hw_platform_0/handgesture_mb_wrapper.bit
configparams mdm-detect-bscan-mask 2
targets -set -nocase -filter {name =~ "microblaze*#0" && bscan=="USER2"  && jtag_cable_name =~ "Digilent Nexys4DDR 210292646209A"} -index 0
rst -processor
targets -set -nocase -filter {name =~ "microblaze*#0" && bscan=="USER2"  && jtag_cable_name =~ "Digilent Nexys4DDR 210292646209A"} -index 0
dow C:/Users/PC/Desktop/FinalProjectECE532/handgesture/handgesture.sdk/mb_simple/Debug/mb_simple.elf
----------------End of Script----------------

22:18:07 INFO  : Context for processor 'microblaze_0' is selected.
22:18:07 INFO  : 'con' command is executed.
22:18:07 INFO  : ----------------XSDB Script (After Launch)----------------
targets -set -nocase -filter {name =~ "microblaze*#0" && bscan=="USER2"  && jtag_cable_name =~ "Digilent Nexys4DDR 210292646209A"} -index 0
con
----------------End of Script----------------

22:18:07 INFO  : Disconnected from the channel tcfchan#2.
22:20:01 INFO  : Connected to target on host '127.0.0.1' and port '3121'.
22:20:01 INFO  : Jtag cable 'Digilent Nexys4DDR 210292646209A' is selected.
22:20:01 INFO  : 'jtag frequency' command is executed.
22:20:01 INFO  : 'targets -set -filter {jtag_cable_name =~ "Digilent Nexys4DDR 210292646209A" && level==0} -index 0' command is executed.
22:20:03 INFO  : FPGA configured successfully with bitstream "C:/Users/PC/Desktop/FinalProjectECE532/handgesture/handgesture.sdk/handgesture_mb_wrapper_hw_platform_0/handgesture_mb_wrapper.bit"
22:20:03 INFO  : 'configparams mdm-detect-bscan-mask 2' command is executed.
22:20:03 INFO  : Context for processor 'microblaze_0' is selected.
22:20:03 INFO  : Processor reset is completed for 'microblaze_0'.
22:20:03 INFO  : Context for processor 'microblaze_0' is selected.
22:20:04 INFO  : The application 'C:/Users/PC/Desktop/FinalProjectECE532/handgesture/handgesture.sdk/mb_simple/Debug/mb_simple.elf' is downloaded to processor 'microblaze_0'.
22:20:04 INFO  : ----------------XSDB Script----------------
connect -url tcp:127.0.0.1:3121
targets -set -filter {jtag_cable_name =~ "Digilent Nexys4DDR 210292646209A" && level==0} -index 0
fpga -file C:/Users/PC/Desktop/FinalProjectECE532/handgesture/handgesture.sdk/handgesture_mb_wrapper_hw_platform_0/handgesture_mb_wrapper.bit
configparams mdm-detect-bscan-mask 2
targets -set -nocase -filter {name =~ "microblaze*#0" && bscan=="USER2"  && jtag_cable_name =~ "Digilent Nexys4DDR 210292646209A"} -index 0
rst -processor
targets -set -nocase -filter {name =~ "microblaze*#0" && bscan=="USER2"  && jtag_cable_name =~ "Digilent Nexys4DDR 210292646209A"} -index 0
dow C:/Users/PC/Desktop/FinalProjectECE532/handgesture/handgesture.sdk/mb_simple/Debug/mb_simple.elf
----------------End of Script----------------

22:20:04 INFO  : Context for processor 'microblaze_0' is selected.
22:20:04 INFO  : 'con' command is executed.
22:20:04 INFO  : ----------------XSDB Script (After Launch)----------------
targets -set -nocase -filter {name =~ "microblaze*#0" && bscan=="USER2"  && jtag_cable_name =~ "Digilent Nexys4DDR 210292646209A"} -index 0
con
----------------End of Script----------------

22:20:04 INFO  : Disconnected from the channel tcfchan#3.
23:19:24 INFO  : Registering command handlers for SDK TCF services
23:19:25 INFO  : Launching XSCT server: xsct.bat -interactive C:\Users\PC\Desktop\FinalProjectECE532\handgesture\handgesture.sdk\temp_xsdb_launch_script.tcl
23:19:27 INFO  : XSCT server has started successfully.
23:19:28 INFO  : Successfully done setting XSCT server connection channel  
23:19:28 INFO  : Processing command line option -hwspec C:/Users/PC/Desktop/FinalProjectECE532/handgesture/handgesture.sdk/handgesture_mb_wrapper.hdf.
23:19:28 INFO  : Successfully done setting SDK workspace  
23:19:28 INFO  : Checking for hwspec changes in the project handgesture_mb_wrapper_hw_platform_0.
23:19:29 INFO  : SDK has detected change in the last modified timestamps for source hardware specification file Source:1553481405678,  Project:1553476980515
23:19:29 INFO  : The hardware specification for project 'handgesture_mb_wrapper_hw_platform_0' is different from C:/Users/PC/Desktop/FinalProjectECE532/handgesture/handgesture.sdk/handgesture_mb_wrapper.hdf.
23:19:30 INFO  : Copied contents of C:/Users/PC/Desktop/FinalProjectECE532/handgesture/handgesture.sdk/handgesture_mb_wrapper.hdf into \handgesture_mb_wrapper_hw_platform_0\system.hdf.
23:19:30 INFO  : Synchronizing projects in the workspace with the hardware platform specification changes.
23:19:33 INFO  : 
23:19:34 INFO  : Updating hardware inferred compiler options for mb_simple.
23:19:34 INFO  : Clearing existing target manager status.
23:22:26 INFO  : Connected to target on host '127.0.0.1' and port '3121'.
23:22:26 INFO  : 'targets -set -filter {jtag_cable_name =~ "Digilent Nexys4DDR 210292646209A" && level==0} -index 0' command is executed.
23:22:29 INFO  : FPGA configured successfully with bitstream "C:/Users/PC/Desktop/FinalProjectECE532/handgesture/handgesture.sdk/handgesture_mb_wrapper_hw_platform_0/download.bit"
23:23:48 INFO  : Connected to target on host '127.0.0.1' and port '3121'.
23:23:48 INFO  : Jtag cable 'Digilent Nexys4DDR 210292646209A' is selected.
23:23:48 INFO  : 'jtag frequency' command is executed.
23:23:48 INFO  : 'targets -set -filter {jtag_cable_name =~ "Digilent Nexys4DDR 210292646209A" && level==0} -index 0' command is executed.
23:23:50 INFO  : FPGA configured successfully with bitstream "C:/Users/PC/Desktop/FinalProjectECE532/handgesture/handgesture.sdk/handgesture_mb_wrapper_hw_platform_0/handgesture_mb_wrapper.bit"
23:23:50 INFO  : 'configparams mdm-detect-bscan-mask 2' command is executed.
23:23:50 INFO  : Context for processor 'microblaze_0' is selected.
23:23:50 INFO  : Processor reset is completed for 'microblaze_0'.
23:23:50 INFO  : Context for processor 'microblaze_0' is selected.
23:23:51 INFO  : The application 'C:/Users/PC/Desktop/FinalProjectECE532/handgesture/handgesture.sdk/mb_simple/Debug/mb_simple.elf' is downloaded to processor 'microblaze_0'.
23:23:51 INFO  : ----------------XSDB Script----------------
connect -url tcp:127.0.0.1:3121
targets -set -filter {jtag_cable_name =~ "Digilent Nexys4DDR 210292646209A" && level==0} -index 0
fpga -file C:/Users/PC/Desktop/FinalProjectECE532/handgesture/handgesture.sdk/handgesture_mb_wrapper_hw_platform_0/handgesture_mb_wrapper.bit
configparams mdm-detect-bscan-mask 2
targets -set -nocase -filter {name =~ "microblaze*#0" && bscan=="USER2"  && jtag_cable_name =~ "Digilent Nexys4DDR 210292646209A"} -index 0
rst -processor
targets -set -nocase -filter {name =~ "microblaze*#0" && bscan=="USER2"  && jtag_cable_name =~ "Digilent Nexys4DDR 210292646209A"} -index 0
dow C:/Users/PC/Desktop/FinalProjectECE532/handgesture/handgesture.sdk/mb_simple/Debug/mb_simple.elf
----------------End of Script----------------

23:23:51 INFO  : Context for processor 'microblaze_0' is selected.
23:23:51 INFO  : 'con' command is executed.
23:23:51 INFO  : ----------------XSDB Script (After Launch)----------------
targets -set -nocase -filter {name =~ "microblaze*#0" && bscan=="USER2"  && jtag_cable_name =~ "Digilent Nexys4DDR 210292646209A"} -index 0
con
----------------End of Script----------------

23:23:51 INFO  : Disconnected from the channel tcfchan#1.
23:24:07 INFO  : Connected to target on host '127.0.0.1' and port '3121'.
23:24:08 INFO  : Jtag cable 'Digilent Nexys4DDR 210292646209A' is selected.
23:24:08 INFO  : 'jtag frequency' command is executed.
23:24:08 INFO  : 'targets -set -filter {jtag_cable_name =~ "Digilent Nexys4DDR 210292646209A" && level==0} -index 0' command is executed.
23:24:10 INFO  : FPGA configured successfully with bitstream "C:/Users/PC/Desktop/FinalProjectECE532/handgesture/handgesture.sdk/handgesture_mb_wrapper_hw_platform_0/handgesture_mb_wrapper.bit"
23:24:10 INFO  : 'configparams mdm-detect-bscan-mask 2' command is executed.
23:24:10 INFO  : Context for processor 'microblaze_0' is selected.
23:24:10 INFO  : Processor reset is completed for 'microblaze_0'.
23:24:10 INFO  : Context for processor 'microblaze_0' is selected.
23:24:10 INFO  : The application 'C:/Users/PC/Desktop/FinalProjectECE532/handgesture/handgesture.sdk/mb_simple/Debug/mb_simple.elf' is downloaded to processor 'microblaze_0'.
23:24:10 INFO  : ----------------XSDB Script----------------
connect -url tcp:127.0.0.1:3121
targets -set -filter {jtag_cable_name =~ "Digilent Nexys4DDR 210292646209A" && level==0} -index 0
fpga -file C:/Users/PC/Desktop/FinalProjectECE532/handgesture/handgesture.sdk/handgesture_mb_wrapper_hw_platform_0/handgesture_mb_wrapper.bit
configparams mdm-detect-bscan-mask 2
targets -set -nocase -filter {name =~ "microblaze*#0" && bscan=="USER2"  && jtag_cable_name =~ "Digilent Nexys4DDR 210292646209A"} -index 0
rst -processor
targets -set -nocase -filter {name =~ "microblaze*#0" && bscan=="USER2"  && jtag_cable_name =~ "Digilent Nexys4DDR 210292646209A"} -index 0
dow C:/Users/PC/Desktop/FinalProjectECE532/handgesture/handgesture.sdk/mb_simple/Debug/mb_simple.elf
----------------End of Script----------------

23:24:10 INFO  : Context for processor 'microblaze_0' is selected.
23:24:10 INFO  : 'con' command is executed.
23:24:10 INFO  : ----------------XSDB Script (After Launch)----------------
targets -set -nocase -filter {name =~ "microblaze*#0" && bscan=="USER2"  && jtag_cable_name =~ "Digilent Nexys4DDR 210292646209A"} -index 0
con
----------------End of Script----------------

23:24:10 INFO  : Disconnected from the channel tcfchan#2.
23:59:35 INFO  : Registering command handlers for SDK TCF services
23:59:36 INFO  : Launching XSCT server: xsct.bat -interactive C:\Users\PC\Desktop\FinalProjectECE532\handgesture\handgesture.sdk\temp_xsdb_launch_script.tcl
23:59:39 INFO  : XSCT server has started successfully.
23:59:41 INFO  : Processing command line option -hwspec C:/Users/PC/Desktop/FinalProjectECE532/handgesture/handgesture.sdk/handgesture_mb_wrapper.hdf.
23:59:41 INFO  : Successfully done setting XSCT server connection channel  
23:59:41 INFO  : Successfully done setting SDK workspace  
23:59:41 INFO  : Checking for hwspec changes in the project handgesture_mb_wrapper_hw_platform_0.
23:59:44 INFO  : SDK has detected change in the last modified timestamps for source hardware specification file Source:1553485974204,  Project:1553481405678
23:59:44 INFO  : The hardware specification for project 'handgesture_mb_wrapper_hw_platform_0' is different from C:/Users/PC/Desktop/FinalProjectECE532/handgesture/handgesture.sdk/handgesture_mb_wrapper.hdf.
23:59:44 INFO  : Copied contents of C:/Users/PC/Desktop/FinalProjectECE532/handgesture/handgesture.sdk/handgesture_mb_wrapper.hdf into \handgesture_mb_wrapper_hw_platform_0\system.hdf.
23:59:45 INFO  : Synchronizing projects in the workspace with the hardware platform specification changes.
23:59:49 INFO  : 
23:59:50 INFO  : Updating hardware inferred compiler options for mb_simple.
23:59:50 INFO  : Clearing existing target manager status.
00:07:01 INFO  : Connected to target on host '127.0.0.1' and port '3121'.
00:07:01 INFO  : 'targets -set -filter {jtag_cable_name =~ "Digilent Nexys4DDR 210292646209A" && level==0} -index 0' command is executed.
00:07:04 INFO  : FPGA configured successfully with bitstream "C:/Users/PC/Desktop/FinalProjectECE532/handgesture/handgesture.sdk/handgesture_mb_wrapper_hw_platform_0/download.bit"
00:13:44 INFO  : Registering command handlers for SDK TCF services
00:13:45 INFO  : Launching XSCT server: xsct.bat -interactive C:\Users\PC\Desktop\FinalProjectECE532\handgesture\handgesture.sdk\temp_xsdb_launch_script.tcl
00:13:47 INFO  : XSCT server has started successfully.
00:13:47 INFO  : Successfully done setting XSCT server connection channel  
00:13:48 INFO  : Successfully done setting SDK workspace  
00:13:48 INFO  : Processing command line option -hwspec C:/Users/PC/Desktop/FinalProjectECE532/handgesture/handgesture.sdk/handgesture_mb_wrapper.hdf.
00:13:48 INFO  : Checking for hwspec changes in the project handgesture_mb_wrapper_hw_platform_0.
00:16:31 INFO  : Launching XSCT server: xsct.bat -interactive C:\Users\PC\Desktop\FinalProjectECE532\handgesture\handgesture.sdk\temp_xsdb_launch_script.tcl
00:16:33 INFO  : XSCT server has started successfully.
00:16:35 INFO  : Successfully done setting XSCT server connection channel  
00:16:35 INFO  : Successfully done setting SDK workspace  
00:16:36 INFO  : Registering command handlers for SDK TCF services
00:16:37 INFO  : Processing command line option -hwspec C:/Users/PC/Desktop/FinalProjectECE532/handgesture/handgesture.sdk/handgesture_mb_wrapper.hdf.
00:16:37 INFO  : Checking for hwspec changes in the project handgesture_mb_wrapper_hw_platform_0.
00:18:00 INFO  : Connected to target on host '127.0.0.1' and port '3121'.
00:18:04 INFO  : 'targets -set -filter {jtag_cable_name =~ "Digilent Nexys4DDR 210292646209A" && level==0} -index 0' command is executed.
00:18:06 INFO  : FPGA configured successfully with bitstream "C:/Users/PC/Desktop/FinalProjectECE532/handgesture/handgesture.sdk/handgesture_mb_wrapper_hw_platform_0/download.bit"
00:20:04 INFO  : Connected to target on host '127.0.0.1' and port '3121'.
00:20:04 INFO  : Jtag cable 'Digilent Nexys4DDR 210292646209A' is selected.
00:20:04 INFO  : 'jtag frequency' command is executed.
00:20:04 INFO  : 'targets -set -filter {jtag_cable_name =~ "Digilent Nexys4DDR 210292646209A" && level==0} -index 0' command is executed.
00:20:06 INFO  : FPGA configured successfully with bitstream "C:/Users/PC/Desktop/FinalProjectECE532/handgesture/handgesture.sdk/handgesture_mb_wrapper_hw_platform_0/handgesture_mb_wrapper.bit"
00:20:06 INFO  : 'configparams mdm-detect-bscan-mask 2' command is executed.
00:20:06 INFO  : Context for processor 'microblaze_0' is selected.
00:20:06 INFO  : Processor reset is completed for 'microblaze_0'.
00:20:07 INFO  : Context for processor 'microblaze_0' is selected.
00:20:07 INFO  : The application 'C:/Users/PC/Desktop/FinalProjectECE532/handgesture/handgesture.sdk/mb_simple/Debug/mb_simple.elf' is downloaded to processor 'microblaze_0'.
00:20:07 INFO  : ----------------XSDB Script----------------
connect -url tcp:127.0.0.1:3121
targets -set -filter {jtag_cable_name =~ "Digilent Nexys4DDR 210292646209A" && level==0} -index 0
fpga -file C:/Users/PC/Desktop/FinalProjectECE532/handgesture/handgesture.sdk/handgesture_mb_wrapper_hw_platform_0/handgesture_mb_wrapper.bit
configparams mdm-detect-bscan-mask 2
targets -set -nocase -filter {name =~ "microblaze*#0" && bscan=="USER2"  && jtag_cable_name =~ "Digilent Nexys4DDR 210292646209A"} -index 0
rst -processor
targets -set -nocase -filter {name =~ "microblaze*#0" && bscan=="USER2"  && jtag_cable_name =~ "Digilent Nexys4DDR 210292646209A"} -index 0
dow C:/Users/PC/Desktop/FinalProjectECE532/handgesture/handgesture.sdk/mb_simple/Debug/mb_simple.elf
----------------End of Script----------------

00:20:07 INFO  : Context for processor 'microblaze_0' is selected.
00:20:07 INFO  : 'con' command is executed.
00:20:07 INFO  : ----------------XSDB Script (After Launch)----------------
targets -set -nocase -filter {name =~ "microblaze*#0" && bscan=="USER2"  && jtag_cable_name =~ "Digilent Nexys4DDR 210292646209A"} -index 0
con
----------------End of Script----------------

00:20:07 INFO  : Disconnected from the channel tcfchan#1.
17:33:09 INFO  : Registering command handlers for SDK TCF services
17:33:10 INFO  : Launching XSCT server: xsct.bat -interactive C:\Users\PC\Desktop\FinalProjectECE532\handgesture\handgesture.sdk\temp_xsdb_launch_script.tcl
17:33:14 INFO  : XSCT server has started successfully.
17:33:25 INFO  : Processing command line option -hwspec C:/Users/PC/Desktop/FinalProjectECE532/handgesture/handgesture.sdk/handgesture_mb_wrapper.hdf.
17:33:31 INFO  : Successfully done setting XSCT server connection channel  
17:33:31 INFO  : Successfully done setting SDK workspace  
17:33:32 INFO  : Checking for hwspec changes in the project handgesture_mb_wrapper_hw_platform_0.
17:33:32 INFO  : SDK has detected change in the last modified timestamps for source hardware specification file Source:1553722246153,  Project:1553485974204
17:33:32 INFO  : The hardware specification for project 'handgesture_mb_wrapper_hw_platform_0' is different from C:/Users/PC/Desktop/FinalProjectECE532/handgesture/handgesture.sdk/handgesture_mb_wrapper.hdf.
17:33:32 INFO  : Copied contents of C:/Users/PC/Desktop/FinalProjectECE532/handgesture/handgesture.sdk/handgesture_mb_wrapper.hdf into \handgesture_mb_wrapper_hw_platform_0\system.hdf.
17:33:32 INFO  : Synchronizing projects in the workspace with the hardware platform specification changes.
17:33:45 INFO  : 
17:33:46 INFO  : Updating hardware inferred compiler options for mb_simple.
17:33:46 INFO  : Clearing existing target manager status.
17:37:44 INFO  : Connected to target on host '127.0.0.1' and port '3121'.
17:37:44 INFO  : 'targets -set -filter {jtag_cable_name =~ "Digilent Nexys4DDR 210292646209A" && level==0} -index 0' command is executed.
17:37:46 INFO  : FPGA configured successfully with bitstream "C:/Users/PC/Desktop/FinalProjectECE532/handgesture/handgesture.sdk/handgesture_mb_wrapper_hw_platform_0/download.bit"
17:43:46 INFO  : Connected to target on host '127.0.0.1' and port '3121'.
17:43:47 INFO  : Jtag cable 'Digilent Nexys4DDR 210292646209A' is selected.
17:43:47 INFO  : 'jtag frequency' command is executed.
17:43:47 INFO  : 'targets -set -filter {jtag_cable_name =~ "Digilent Nexys4DDR 210292646209A" && level==0} -index 0' command is executed.
17:43:49 INFO  : FPGA configured successfully with bitstream "C:/Users/PC/Desktop/FinalProjectECE532/handgesture/handgesture.sdk/handgesture_mb_wrapper_hw_platform_0/handgesture_mb_wrapper.bit"
17:43:49 INFO  : 'configparams mdm-detect-bscan-mask 2' command is executed.
17:43:49 INFO  : Context for processor 'microblaze_0' is selected.
17:43:49 INFO  : Processor reset is completed for 'microblaze_0'.
17:43:49 INFO  : Context for processor 'microblaze_0' is selected.
17:43:49 INFO  : The application 'C:/Users/PC/Desktop/FinalProjectECE532/handgesture/handgesture.sdk/mb_simple/Debug/mb_simple.elf' is downloaded to processor 'microblaze_0'.
17:43:49 INFO  : ----------------XSDB Script----------------
connect -url tcp:127.0.0.1:3121
targets -set -filter {jtag_cable_name =~ "Digilent Nexys4DDR 210292646209A" && level==0} -index 0
fpga -file C:/Users/PC/Desktop/FinalProjectECE532/handgesture/handgesture.sdk/handgesture_mb_wrapper_hw_platform_0/handgesture_mb_wrapper.bit
configparams mdm-detect-bscan-mask 2
targets -set -nocase -filter {name =~ "microblaze*#0" && bscan=="USER2"  && jtag_cable_name =~ "Digilent Nexys4DDR 210292646209A"} -index 0
rst -processor
targets -set -nocase -filter {name =~ "microblaze*#0" && bscan=="USER2"  && jtag_cable_name =~ "Digilent Nexys4DDR 210292646209A"} -index 0
dow C:/Users/PC/Desktop/FinalProjectECE532/handgesture/handgesture.sdk/mb_simple/Debug/mb_simple.elf
----------------End of Script----------------

17:43:49 INFO  : Context for processor 'microblaze_0' is selected.
17:43:49 INFO  : 'con' command is executed.
17:43:49 INFO  : ----------------XSDB Script (After Launch)----------------
targets -set -nocase -filter {name =~ "microblaze*#0" && bscan=="USER2"  && jtag_cable_name =~ "Digilent Nexys4DDR 210292646209A"} -index 0
con
----------------End of Script----------------

17:43:49 INFO  : Disconnected from the channel tcfchan#1.
17:44:05 INFO  : Connected to target on host '127.0.0.1' and port '3121'.
17:44:05 INFO  : Jtag cable 'Digilent Nexys4DDR 210292646209A' is selected.
17:44:05 INFO  : 'jtag frequency' command is executed.
17:44:05 INFO  : 'targets -set -filter {jtag_cable_name =~ "Digilent Nexys4DDR 210292646209A" && level==0} -index 0' command is executed.
17:44:08 INFO  : FPGA configured successfully with bitstream "C:/Users/PC/Desktop/FinalProjectECE532/handgesture/handgesture.sdk/handgesture_mb_wrapper_hw_platform_0/handgesture_mb_wrapper.bit"
17:44:08 INFO  : 'configparams mdm-detect-bscan-mask 2' command is executed.
17:44:08 INFO  : Context for processor 'microblaze_0' is selected.
17:44:08 INFO  : Processor reset is completed for 'microblaze_0'.
17:44:08 INFO  : Context for processor 'microblaze_0' is selected.
17:44:08 INFO  : The application 'C:/Users/PC/Desktop/FinalProjectECE532/handgesture/handgesture.sdk/mb_simple/Debug/mb_simple.elf' is downloaded to processor 'microblaze_0'.
17:44:08 INFO  : ----------------XSDB Script----------------
connect -url tcp:127.0.0.1:3121
targets -set -filter {jtag_cable_name =~ "Digilent Nexys4DDR 210292646209A" && level==0} -index 0
fpga -file C:/Users/PC/Desktop/FinalProjectECE532/handgesture/handgesture.sdk/handgesture_mb_wrapper_hw_platform_0/handgesture_mb_wrapper.bit
configparams mdm-detect-bscan-mask 2
targets -set -nocase -filter {name =~ "microblaze*#0" && bscan=="USER2"  && jtag_cable_name =~ "Digilent Nexys4DDR 210292646209A"} -index 0
rst -processor
targets -set -nocase -filter {name =~ "microblaze*#0" && bscan=="USER2"  && jtag_cable_name =~ "Digilent Nexys4DDR 210292646209A"} -index 0
dow C:/Users/PC/Desktop/FinalProjectECE532/handgesture/handgesture.sdk/mb_simple/Debug/mb_simple.elf
----------------End of Script----------------

17:44:08 INFO  : Context for processor 'microblaze_0' is selected.
17:44:08 INFO  : 'con' command is executed.
17:44:08 INFO  : ----------------XSDB Script (After Launch)----------------
targets -set -nocase -filter {name =~ "microblaze*#0" && bscan=="USER2"  && jtag_cable_name =~ "Digilent Nexys4DDR 210292646209A"} -index 0
con
----------------End of Script----------------

17:44:08 INFO  : Disconnected from the channel tcfchan#2.
17:47:01 INFO  : Connected to target on host '127.0.0.1' and port '3121'.
17:47:01 INFO  : Jtag cable 'Digilent Nexys4DDR 210292646209A' is selected.
17:47:01 INFO  : 'jtag frequency' command is executed.
17:47:01 INFO  : 'targets -set -filter {jtag_cable_name =~ "Digilent Nexys4DDR 210292646209A" && level==0} -index 0' command is executed.
17:47:03 INFO  : FPGA configured successfully with bitstream "C:/Users/PC/Desktop/FinalProjectECE532/handgesture/handgesture.sdk/handgesture_mb_wrapper_hw_platform_0/handgesture_mb_wrapper.bit"
17:47:03 INFO  : 'configparams mdm-detect-bscan-mask 2' command is executed.
17:47:03 INFO  : Context for processor 'microblaze_0' is selected.
17:47:04 INFO  : Processor reset is completed for 'microblaze_0'.
17:47:04 INFO  : Context for processor 'microblaze_0' is selected.
17:47:04 INFO  : The application 'C:/Users/PC/Desktop/FinalProjectECE532/handgesture/handgesture.sdk/mb_simple/Debug/mb_simple.elf' is downloaded to processor 'microblaze_0'.
17:47:04 INFO  : ----------------XSDB Script----------------
connect -url tcp:127.0.0.1:3121
targets -set -filter {jtag_cable_name =~ "Digilent Nexys4DDR 210292646209A" && level==0} -index 0
fpga -file C:/Users/PC/Desktop/FinalProjectECE532/handgesture/handgesture.sdk/handgesture_mb_wrapper_hw_platform_0/handgesture_mb_wrapper.bit
configparams mdm-detect-bscan-mask 2
targets -set -nocase -filter {name =~ "microblaze*#0" && bscan=="USER2"  && jtag_cable_name =~ "Digilent Nexys4DDR 210292646209A"} -index 0
rst -processor
targets -set -nocase -filter {name =~ "microblaze*#0" && bscan=="USER2"  && jtag_cable_name =~ "Digilent Nexys4DDR 210292646209A"} -index 0
dow C:/Users/PC/Desktop/FinalProjectECE532/handgesture/handgesture.sdk/mb_simple/Debug/mb_simple.elf
----------------End of Script----------------

17:47:04 INFO  : Context for processor 'microblaze_0' is selected.
17:47:04 INFO  : 'con' command is executed.
17:47:04 INFO  : ----------------XSDB Script (After Launch)----------------
targets -set -nocase -filter {name =~ "microblaze*#0" && bscan=="USER2"  && jtag_cable_name =~ "Digilent Nexys4DDR 210292646209A"} -index 0
con
----------------End of Script----------------

17:47:04 INFO  : Disconnected from the channel tcfchan#3.
17:52:00 INFO  : Connected to target on host '127.0.0.1' and port '3121'.
17:52:00 INFO  : Jtag cable 'Digilent Nexys4DDR 210292646209A' is selected.
17:52:00 INFO  : 'jtag frequency' command is executed.
17:52:00 INFO  : 'targets -set -filter {jtag_cable_name =~ "Digilent Nexys4DDR 210292646209A" && level==0} -index 0' command is executed.
17:52:02 INFO  : FPGA configured successfully with bitstream "C:/Users/PC/Desktop/FinalProjectECE532/handgesture/handgesture.sdk/handgesture_mb_wrapper_hw_platform_0/handgesture_mb_wrapper.bit"
17:52:02 INFO  : 'configparams mdm-detect-bscan-mask 2' command is executed.
17:52:02 INFO  : Context for processor 'microblaze_0' is selected.
17:52:02 INFO  : Processor reset is completed for 'microblaze_0'.
17:52:03 INFO  : Context for processor 'microblaze_0' is selected.
17:52:03 INFO  : The application 'C:/Users/PC/Desktop/FinalProjectECE532/handgesture/handgesture.sdk/mb_simple/Debug/mb_simple.elf' is downloaded to processor 'microblaze_0'.
17:52:03 INFO  : ----------------XSDB Script----------------
connect -url tcp:127.0.0.1:3121
targets -set -filter {jtag_cable_name =~ "Digilent Nexys4DDR 210292646209A" && level==0} -index 0
fpga -file C:/Users/PC/Desktop/FinalProjectECE532/handgesture/handgesture.sdk/handgesture_mb_wrapper_hw_platform_0/handgesture_mb_wrapper.bit
configparams mdm-detect-bscan-mask 2
targets -set -nocase -filter {name =~ "microblaze*#0" && bscan=="USER2"  && jtag_cable_name =~ "Digilent Nexys4DDR 210292646209A"} -index 0
rst -processor
targets -set -nocase -filter {name =~ "microblaze*#0" && bscan=="USER2"  && jtag_cable_name =~ "Digilent Nexys4DDR 210292646209A"} -index 0
dow C:/Users/PC/Desktop/FinalProjectECE532/handgesture/handgesture.sdk/mb_simple/Debug/mb_simple.elf
----------------End of Script----------------

17:52:03 INFO  : Context for processor 'microblaze_0' is selected.
17:52:03 INFO  : 'con' command is executed.
17:52:03 INFO  : ----------------XSDB Script (After Launch)----------------
targets -set -nocase -filter {name =~ "microblaze*#0" && bscan=="USER2"  && jtag_cable_name =~ "Digilent Nexys4DDR 210292646209A"} -index 0
con
----------------End of Script----------------

17:52:03 INFO  : Disconnected from the channel tcfchan#4.
17:54:36 INFO  : Connected to target on host '127.0.0.1' and port '3121'.
17:54:36 INFO  : Jtag cable 'Digilent Nexys4DDR 210292646209A' is selected.
17:54:36 INFO  : 'jtag frequency' command is executed.
17:54:36 INFO  : 'targets -set -filter {jtag_cable_name =~ "Digilent Nexys4DDR 210292646209A" && level==0} -index 0' command is executed.
17:54:38 INFO  : FPGA configured successfully with bitstream "C:/Users/PC/Desktop/FinalProjectECE532/handgesture/handgesture.sdk/handgesture_mb_wrapper_hw_platform_0/handgesture_mb_wrapper.bit"
17:54:38 INFO  : 'configparams mdm-detect-bscan-mask 2' command is executed.
17:54:39 INFO  : Context for processor 'microblaze_0' is selected.
17:54:39 INFO  : Processor reset is completed for 'microblaze_0'.
17:54:39 INFO  : Context for processor 'microblaze_0' is selected.
17:54:39 INFO  : The application 'C:/Users/PC/Desktop/FinalProjectECE532/handgesture/handgesture.sdk/mb_simple/Debug/mb_simple.elf' is downloaded to processor 'microblaze_0'.
17:54:39 INFO  : ----------------XSDB Script----------------
connect -url tcp:127.0.0.1:3121
targets -set -filter {jtag_cable_name =~ "Digilent Nexys4DDR 210292646209A" && level==0} -index 0
fpga -file C:/Users/PC/Desktop/FinalProjectECE532/handgesture/handgesture.sdk/handgesture_mb_wrapper_hw_platform_0/handgesture_mb_wrapper.bit
configparams mdm-detect-bscan-mask 2
targets -set -nocase -filter {name =~ "microblaze*#0" && bscan=="USER2"  && jtag_cable_name =~ "Digilent Nexys4DDR 210292646209A"} -index 0
rst -processor
targets -set -nocase -filter {name =~ "microblaze*#0" && bscan=="USER2"  && jtag_cable_name =~ "Digilent Nexys4DDR 210292646209A"} -index 0
dow C:/Users/PC/Desktop/FinalProjectECE532/handgesture/handgesture.sdk/mb_simple/Debug/mb_simple.elf
----------------End of Script----------------

17:54:39 INFO  : Context for processor 'microblaze_0' is selected.
17:54:39 INFO  : 'con' command is executed.
17:54:39 INFO  : ----------------XSDB Script (After Launch)----------------
targets -set -nocase -filter {name =~ "microblaze*#0" && bscan=="USER2"  && jtag_cable_name =~ "Digilent Nexys4DDR 210292646209A"} -index 0
con
----------------End of Script----------------

17:54:39 INFO  : Disconnected from the channel tcfchan#5.
18:00:00 INFO  : Connected to target on host '127.0.0.1' and port '3121'.
18:00:01 INFO  : Jtag cable 'Digilent Nexys4DDR 210292646209A' is selected.
18:00:01 INFO  : 'jtag frequency' command is executed.
18:00:01 INFO  : 'targets -set -filter {jtag_cable_name =~ "Digilent Nexys4DDR 210292646209A" && level==0} -index 0' command is executed.
18:00:03 INFO  : FPGA configured successfully with bitstream "C:/Users/PC/Desktop/FinalProjectECE532/handgesture/handgesture.sdk/handgesture_mb_wrapper_hw_platform_0/handgesture_mb_wrapper.bit"
18:00:03 INFO  : 'configparams mdm-detect-bscan-mask 2' command is executed.
18:00:03 INFO  : Context for processor 'microblaze_0' is selected.
18:00:03 INFO  : Processor reset is completed for 'microblaze_0'.
18:00:03 INFO  : Context for processor 'microblaze_0' is selected.
18:00:03 INFO  : The application 'C:/Users/PC/Desktop/FinalProjectECE532/handgesture/handgesture.sdk/mb_simple/Debug/mb_simple.elf' is downloaded to processor 'microblaze_0'.
18:00:03 INFO  : ----------------XSDB Script----------------
connect -url tcp:127.0.0.1:3121
targets -set -filter {jtag_cable_name =~ "Digilent Nexys4DDR 210292646209A" && level==0} -index 0
fpga -file C:/Users/PC/Desktop/FinalProjectECE532/handgesture/handgesture.sdk/handgesture_mb_wrapper_hw_platform_0/handgesture_mb_wrapper.bit
configparams mdm-detect-bscan-mask 2
targets -set -nocase -filter {name =~ "microblaze*#0" && bscan=="USER2"  && jtag_cable_name =~ "Digilent Nexys4DDR 210292646209A"} -index 0
rst -processor
targets -set -nocase -filter {name =~ "microblaze*#0" && bscan=="USER2"  && jtag_cable_name =~ "Digilent Nexys4DDR 210292646209A"} -index 0
dow C:/Users/PC/Desktop/FinalProjectECE532/handgesture/handgesture.sdk/mb_simple/Debug/mb_simple.elf
----------------End of Script----------------

18:00:03 INFO  : Context for processor 'microblaze_0' is selected.
18:00:03 INFO  : 'con' command is executed.
18:00:03 INFO  : ----------------XSDB Script (After Launch)----------------
targets -set -nocase -filter {name =~ "microblaze*#0" && bscan=="USER2"  && jtag_cable_name =~ "Digilent Nexys4DDR 210292646209A"} -index 0
con
----------------End of Script----------------

18:00:03 INFO  : Disconnected from the channel tcfchan#6.
18:02:09 INFO  : Connected to target on host '127.0.0.1' and port '3121'.
18:02:09 INFO  : Jtag cable 'Digilent Nexys4DDR 210292646209A' is selected.
18:02:09 INFO  : 'jtag frequency' command is executed.
18:02:09 INFO  : 'targets -set -filter {jtag_cable_name =~ "Digilent Nexys4DDR 210292646209A" && level==0} -index 0' command is executed.
18:02:12 INFO  : FPGA configured successfully with bitstream "C:/Users/PC/Desktop/FinalProjectECE532/handgesture/handgesture.sdk/handgesture_mb_wrapper_hw_platform_0/handgesture_mb_wrapper.bit"
18:02:12 INFO  : 'configparams mdm-detect-bscan-mask 2' command is executed.
18:02:12 INFO  : Context for processor 'microblaze_0' is selected.
18:02:12 INFO  : Processor reset is completed for 'microblaze_0'.
18:02:12 INFO  : Context for processor 'microblaze_0' is selected.
18:02:12 INFO  : The application 'C:/Users/PC/Desktop/FinalProjectECE532/handgesture/handgesture.sdk/mb_simple/Debug/mb_simple.elf' is downloaded to processor 'microblaze_0'.
18:02:12 INFO  : ----------------XSDB Script----------------
connect -url tcp:127.0.0.1:3121
targets -set -filter {jtag_cable_name =~ "Digilent Nexys4DDR 210292646209A" && level==0} -index 0
fpga -file C:/Users/PC/Desktop/FinalProjectECE532/handgesture/handgesture.sdk/handgesture_mb_wrapper_hw_platform_0/handgesture_mb_wrapper.bit
configparams mdm-detect-bscan-mask 2
targets -set -nocase -filter {name =~ "microblaze*#0" && bscan=="USER2"  && jtag_cable_name =~ "Digilent Nexys4DDR 210292646209A"} -index 0
rst -processor
targets -set -nocase -filter {name =~ "microblaze*#0" && bscan=="USER2"  && jtag_cable_name =~ "Digilent Nexys4DDR 210292646209A"} -index 0
dow C:/Users/PC/Desktop/FinalProjectECE532/handgesture/handgesture.sdk/mb_simple/Debug/mb_simple.elf
----------------End of Script----------------

18:02:12 INFO  : Context for processor 'microblaze_0' is selected.
18:02:12 INFO  : 'con' command is executed.
18:02:12 INFO  : ----------------XSDB Script (After Launch)----------------
targets -set -nocase -filter {name =~ "microblaze*#0" && bscan=="USER2"  && jtag_cable_name =~ "Digilent Nexys4DDR 210292646209A"} -index 0
con
----------------End of Script----------------

18:02:12 INFO  : Disconnected from the channel tcfchan#7.
19:38:14 INFO  : Connected to target on host '127.0.0.1' and port '3121'.
19:38:14 INFO  : 'targets -set -filter {jtag_cable_name =~ "Digilent Nexys4DDR 210292646209A" && level==0} -index 0' command is executed.
19:38:17 INFO  : FPGA configured successfully with bitstream "C:/Users/PC/Desktop/FinalProjectECE532/handgesture/handgesture.sdk/handgesture_mb_wrapper_hw_platform_0/download.bit"
19:39:21 INFO  : Connected to target on host '127.0.0.1' and port '3121'.
19:39:21 INFO  : Jtag cable 'Digilent Nexys4DDR 210292646209A' is selected.
19:39:21 INFO  : 'jtag frequency' command is executed.
19:39:21 INFO  : 'targets -set -filter {jtag_cable_name =~ "Digilent Nexys4DDR 210292646209A" && level==0} -index 0' command is executed.
19:39:24 INFO  : FPGA configured successfully with bitstream "C:/Users/PC/Desktop/FinalProjectECE532/handgesture/handgesture.sdk/handgesture_mb_wrapper_hw_platform_0/handgesture_mb_wrapper.bit"
19:39:24 INFO  : 'configparams mdm-detect-bscan-mask 2' command is executed.
19:39:24 INFO  : Context for processor 'microblaze_0' is selected.
19:39:24 INFO  : Processor reset is completed for 'microblaze_0'.
19:39:24 INFO  : Context for processor 'microblaze_0' is selected.
19:39:24 INFO  : The application 'C:/Users/PC/Desktop/FinalProjectECE532/handgesture/handgesture.sdk/mb_simple/Debug/mb_simple.elf' is downloaded to processor 'microblaze_0'.
19:39:24 INFO  : ----------------XSDB Script----------------
connect -url tcp:127.0.0.1:3121
targets -set -filter {jtag_cable_name =~ "Digilent Nexys4DDR 210292646209A" && level==0} -index 0
fpga -file C:/Users/PC/Desktop/FinalProjectECE532/handgesture/handgesture.sdk/handgesture_mb_wrapper_hw_platform_0/handgesture_mb_wrapper.bit
configparams mdm-detect-bscan-mask 2
targets -set -nocase -filter {name =~ "microblaze*#0" && bscan=="USER2"  && jtag_cable_name =~ "Digilent Nexys4DDR 210292646209A"} -index 0
rst -processor
targets -set -nocase -filter {name =~ "microblaze*#0" && bscan=="USER2"  && jtag_cable_name =~ "Digilent Nexys4DDR 210292646209A"} -index 0
dow C:/Users/PC/Desktop/FinalProjectECE532/handgesture/handgesture.sdk/mb_simple/Debug/mb_simple.elf
----------------End of Script----------------

19:39:24 INFO  : Context for processor 'microblaze_0' is selected.
19:39:24 INFO  : 'con' command is executed.
19:39:24 INFO  : ----------------XSDB Script (After Launch)----------------
targets -set -nocase -filter {name =~ "microblaze*#0" && bscan=="USER2"  && jtag_cable_name =~ "Digilent Nexys4DDR 210292646209A"} -index 0
con
----------------End of Script----------------

19:39:24 INFO  : Disconnected from the channel tcfchan#8.
19:39:49 INFO  : Connected to target on host '127.0.0.1' and port '3121'.
19:39:49 INFO  : Jtag cable 'Digilent Nexys4DDR 210292646209A' is selected.
19:39:49 INFO  : 'jtag frequency' command is executed.
19:39:49 INFO  : 'targets -set -filter {jtag_cable_name =~ "Digilent Nexys4DDR 210292646209A" && level==0} -index 0' command is executed.
19:39:51 INFO  : FPGA configured successfully with bitstream "C:/Users/PC/Desktop/FinalProjectECE532/handgesture/handgesture.sdk/handgesture_mb_wrapper_hw_platform_0/handgesture_mb_wrapper.bit"
19:39:52 INFO  : 'configparams mdm-detect-bscan-mask 2' command is executed.
19:39:52 INFO  : Context for processor 'microblaze_0' is selected.
19:39:52 INFO  : Processor reset is completed for 'microblaze_0'.
19:39:52 INFO  : Context for processor 'microblaze_0' is selected.
19:39:52 INFO  : The application 'C:/Users/PC/Desktop/FinalProjectECE532/handgesture/handgesture.sdk/mb_simple/Debug/mb_simple.elf' is downloaded to processor 'microblaze_0'.
19:39:52 INFO  : ----------------XSDB Script----------------
connect -url tcp:127.0.0.1:3121
targets -set -filter {jtag_cable_name =~ "Digilent Nexys4DDR 210292646209A" && level==0} -index 0
fpga -file C:/Users/PC/Desktop/FinalProjectECE532/handgesture/handgesture.sdk/handgesture_mb_wrapper_hw_platform_0/handgesture_mb_wrapper.bit
configparams mdm-detect-bscan-mask 2
targets -set -nocase -filter {name =~ "microblaze*#0" && bscan=="USER2"  && jtag_cable_name =~ "Digilent Nexys4DDR 210292646209A"} -index 0
rst -processor
targets -set -nocase -filter {name =~ "microblaze*#0" && bscan=="USER2"  && jtag_cable_name =~ "Digilent Nexys4DDR 210292646209A"} -index 0
dow C:/Users/PC/Desktop/FinalProjectECE532/handgesture/handgesture.sdk/mb_simple/Debug/mb_simple.elf
----------------End of Script----------------

19:39:52 INFO  : Context for processor 'microblaze_0' is selected.
19:39:52 INFO  : 'con' command is executed.
19:39:52 INFO  : ----------------XSDB Script (After Launch)----------------
targets -set -nocase -filter {name =~ "microblaze*#0" && bscan=="USER2"  && jtag_cable_name =~ "Digilent Nexys4DDR 210292646209A"} -index 0
con
----------------End of Script----------------

19:39:52 INFO  : Disconnected from the channel tcfchan#9.
19:44:45 INFO  : Connected to target on host '127.0.0.1' and port '3121'.
19:44:45 INFO  : Jtag cable 'Digilent Nexys4DDR 210292646209A' is selected.
19:44:45 INFO  : 'jtag frequency' command is executed.
19:44:46 INFO  : 'targets -set -filter {jtag_cable_name =~ "Digilent Nexys4DDR 210292646209A" && level==0} -index 0' command is executed.
19:44:48 INFO  : FPGA configured successfully with bitstream "C:/Users/PC/Desktop/FinalProjectECE532/handgesture/handgesture.sdk/handgesture_mb_wrapper_hw_platform_0/handgesture_mb_wrapper.bit"
19:44:48 INFO  : 'configparams mdm-detect-bscan-mask 2' command is executed.
19:44:48 INFO  : Context for processor 'microblaze_0' is selected.
19:44:48 INFO  : Processor reset is completed for 'microblaze_0'.
19:44:48 INFO  : Context for processor 'microblaze_0' is selected.
19:44:48 INFO  : The application 'C:/Users/PC/Desktop/FinalProjectECE532/handgesture/handgesture.sdk/mb_simple/Debug/mb_simple.elf' is downloaded to processor 'microblaze_0'.
19:44:48 INFO  : ----------------XSDB Script----------------
connect -url tcp:127.0.0.1:3121
targets -set -filter {jtag_cable_name =~ "Digilent Nexys4DDR 210292646209A" && level==0} -index 0
fpga -file C:/Users/PC/Desktop/FinalProjectECE532/handgesture/handgesture.sdk/handgesture_mb_wrapper_hw_platform_0/handgesture_mb_wrapper.bit
configparams mdm-detect-bscan-mask 2
targets -set -nocase -filter {name =~ "microblaze*#0" && bscan=="USER2"  && jtag_cable_name =~ "Digilent Nexys4DDR 210292646209A"} -index 0
rst -processor
targets -set -nocase -filter {name =~ "microblaze*#0" && bscan=="USER2"  && jtag_cable_name =~ "Digilent Nexys4DDR 210292646209A"} -index 0
dow C:/Users/PC/Desktop/FinalProjectECE532/handgesture/handgesture.sdk/mb_simple/Debug/mb_simple.elf
----------------End of Script----------------

19:44:48 INFO  : Context for processor 'microblaze_0' is selected.
19:44:48 INFO  : 'con' command is executed.
19:44:48 INFO  : ----------------XSDB Script (After Launch)----------------
targets -set -nocase -filter {name =~ "microblaze*#0" && bscan=="USER2"  && jtag_cable_name =~ "Digilent Nexys4DDR 210292646209A"} -index 0
con
----------------End of Script----------------

19:44:48 INFO  : Disconnected from the channel tcfchan#10.
19:46:53 INFO  : Connected to target on host '127.0.0.1' and port '3121'.
19:46:54 INFO  : Jtag cable 'Digilent Nexys4DDR 210292646209A' is selected.
19:46:54 INFO  : 'jtag frequency' command is executed.
19:46:54 INFO  : 'targets -set -filter {jtag_cable_name =~ "Digilent Nexys4DDR 210292646209A" && level==0} -index 0' command is executed.
19:46:56 INFO  : FPGA configured successfully with bitstream "C:/Users/PC/Desktop/FinalProjectECE532/handgesture/handgesture.sdk/handgesture_mb_wrapper_hw_platform_0/handgesture_mb_wrapper.bit"
19:46:56 INFO  : 'configparams mdm-detect-bscan-mask 2' command is executed.
19:46:56 INFO  : Context for processor 'microblaze_0' is selected.
19:46:56 INFO  : Processor reset is completed for 'microblaze_0'.
19:46:57 INFO  : Context for processor 'microblaze_0' is selected.
19:46:57 INFO  : The application 'C:/Users/PC/Desktop/FinalProjectECE532/handgesture/handgesture.sdk/mb_simple/Debug/mb_simple.elf' is downloaded to processor 'microblaze_0'.
19:46:57 INFO  : ----------------XSDB Script----------------
connect -url tcp:127.0.0.1:3121
targets -set -filter {jtag_cable_name =~ "Digilent Nexys4DDR 210292646209A" && level==0} -index 0
fpga -file C:/Users/PC/Desktop/FinalProjectECE532/handgesture/handgesture.sdk/handgesture_mb_wrapper_hw_platform_0/handgesture_mb_wrapper.bit
configparams mdm-detect-bscan-mask 2
targets -set -nocase -filter {name =~ "microblaze*#0" && bscan=="USER2"  && jtag_cable_name =~ "Digilent Nexys4DDR 210292646209A"} -index 0
rst -processor
targets -set -nocase -filter {name =~ "microblaze*#0" && bscan=="USER2"  && jtag_cable_name =~ "Digilent Nexys4DDR 210292646209A"} -index 0
dow C:/Users/PC/Desktop/FinalProjectECE532/handgesture/handgesture.sdk/mb_simple/Debug/mb_simple.elf
----------------End of Script----------------

19:46:57 INFO  : Context for processor 'microblaze_0' is selected.
19:46:57 INFO  : 'con' command is executed.
19:46:57 INFO  : ----------------XSDB Script (After Launch)----------------
targets -set -nocase -filter {name =~ "microblaze*#0" && bscan=="USER2"  && jtag_cable_name =~ "Digilent Nexys4DDR 210292646209A"} -index 0
con
----------------End of Script----------------

19:46:57 INFO  : Disconnected from the channel tcfchan#11.
19:48:13 INFO  : Connected to target on host '127.0.0.1' and port '3121'.
19:48:13 INFO  : Jtag cable 'Digilent Nexys4DDR 210292646209A' is selected.
19:48:13 INFO  : 'jtag frequency' command is executed.
19:48:13 INFO  : 'targets -set -filter {jtag_cable_name =~ "Digilent Nexys4DDR 210292646209A" && level==0} -index 0' command is executed.
19:48:16 INFO  : FPGA configured successfully with bitstream "C:/Users/PC/Desktop/FinalProjectECE532/handgesture/handgesture.sdk/handgesture_mb_wrapper_hw_platform_0/handgesture_mb_wrapper.bit"
19:48:16 INFO  : 'configparams mdm-detect-bscan-mask 2' command is executed.
19:48:16 INFO  : Context for processor 'microblaze_0' is selected.
19:48:16 INFO  : Processor reset is completed for 'microblaze_0'.
19:48:16 INFO  : Context for processor 'microblaze_0' is selected.
19:48:16 INFO  : The application 'C:/Users/PC/Desktop/FinalProjectECE532/handgesture/handgesture.sdk/mb_simple/Debug/mb_simple.elf' is downloaded to processor 'microblaze_0'.
19:48:16 INFO  : ----------------XSDB Script----------------
connect -url tcp:127.0.0.1:3121
targets -set -filter {jtag_cable_name =~ "Digilent Nexys4DDR 210292646209A" && level==0} -index 0
fpga -file C:/Users/PC/Desktop/FinalProjectECE532/handgesture/handgesture.sdk/handgesture_mb_wrapper_hw_platform_0/handgesture_mb_wrapper.bit
configparams mdm-detect-bscan-mask 2
targets -set -nocase -filter {name =~ "microblaze*#0" && bscan=="USER2"  && jtag_cable_name =~ "Digilent Nexys4DDR 210292646209A"} -index 0
rst -processor
targets -set -nocase -filter {name =~ "microblaze*#0" && bscan=="USER2"  && jtag_cable_name =~ "Digilent Nexys4DDR 210292646209A"} -index 0
dow C:/Users/PC/Desktop/FinalProjectECE532/handgesture/handgesture.sdk/mb_simple/Debug/mb_simple.elf
----------------End of Script----------------

19:48:16 INFO  : Context for processor 'microblaze_0' is selected.
19:48:16 INFO  : 'con' command is executed.
19:48:16 INFO  : ----------------XSDB Script (After Launch)----------------
targets -set -nocase -filter {name =~ "microblaze*#0" && bscan=="USER2"  && jtag_cable_name =~ "Digilent Nexys4DDR 210292646209A"} -index 0
con
----------------End of Script----------------

19:48:16 INFO  : Disconnected from the channel tcfchan#12.
19:53:49 INFO  : Connected to target on host '127.0.0.1' and port '3121'.
19:53:49 INFO  : Jtag cable 'Digilent Nexys4DDR 210292646209A' is selected.
19:53:49 INFO  : 'jtag frequency' command is executed.
19:53:49 INFO  : 'targets -set -filter {jtag_cable_name =~ "Digilent Nexys4DDR 210292646209A" && level==0} -index 0' command is executed.
19:53:51 INFO  : FPGA configured successfully with bitstream "C:/Users/PC/Desktop/FinalProjectECE532/handgesture/handgesture.sdk/handgesture_mb_wrapper_hw_platform_0/handgesture_mb_wrapper.bit"
19:53:51 INFO  : 'configparams mdm-detect-bscan-mask 2' command is executed.
19:53:51 INFO  : Context for processor 'microblaze_0' is selected.
19:53:51 INFO  : Processor reset is completed for 'microblaze_0'.
19:53:52 INFO  : Context for processor 'microblaze_0' is selected.
19:53:52 INFO  : The application 'C:/Users/PC/Desktop/FinalProjectECE532/handgesture/handgesture.sdk/mb_simple/Debug/mb_simple.elf' is downloaded to processor 'microblaze_0'.
19:53:52 INFO  : ----------------XSDB Script----------------
connect -url tcp:127.0.0.1:3121
targets -set -filter {jtag_cable_name =~ "Digilent Nexys4DDR 210292646209A" && level==0} -index 0
fpga -file C:/Users/PC/Desktop/FinalProjectECE532/handgesture/handgesture.sdk/handgesture_mb_wrapper_hw_platform_0/handgesture_mb_wrapper.bit
configparams mdm-detect-bscan-mask 2
targets -set -nocase -filter {name =~ "microblaze*#0" && bscan=="USER2"  && jtag_cable_name =~ "Digilent Nexys4DDR 210292646209A"} -index 0
rst -processor
targets -set -nocase -filter {name =~ "microblaze*#0" && bscan=="USER2"  && jtag_cable_name =~ "Digilent Nexys4DDR 210292646209A"} -index 0
dow C:/Users/PC/Desktop/FinalProjectECE532/handgesture/handgesture.sdk/mb_simple/Debug/mb_simple.elf
----------------End of Script----------------

19:53:52 INFO  : Context for processor 'microblaze_0' is selected.
19:53:52 INFO  : 'con' command is executed.
19:53:52 INFO  : ----------------XSDB Script (After Launch)----------------
targets -set -nocase -filter {name =~ "microblaze*#0" && bscan=="USER2"  && jtag_cable_name =~ "Digilent Nexys4DDR 210292646209A"} -index 0
con
----------------End of Script----------------

19:53:52 INFO  : Disconnected from the channel tcfchan#13.
19:54:28 INFO  : Connected to target on host '127.0.0.1' and port '3121'.
19:54:28 INFO  : Jtag cable 'Digilent Nexys4DDR 210292646209A' is selected.
19:54:28 INFO  : 'jtag frequency' command is executed.
19:54:28 INFO  : 'targets -set -filter {jtag_cable_name =~ "Digilent Nexys4DDR 210292646209A" && level==0} -index 0' command is executed.
19:54:30 INFO  : FPGA configured successfully with bitstream "C:/Users/PC/Desktop/FinalProjectECE532/handgesture/handgesture.sdk/handgesture_mb_wrapper_hw_platform_0/handgesture_mb_wrapper.bit"
19:54:30 INFO  : 'configparams mdm-detect-bscan-mask 2' command is executed.
19:54:30 INFO  : Context for processor 'microblaze_0' is selected.
19:54:31 INFO  : Processor reset is completed for 'microblaze_0'.
19:54:31 INFO  : Context for processor 'microblaze_0' is selected.
19:54:31 INFO  : The application 'C:/Users/PC/Desktop/FinalProjectECE532/handgesture/handgesture.sdk/mb_simple/Debug/mb_simple.elf' is downloaded to processor 'microblaze_0'.
19:54:31 INFO  : ----------------XSDB Script----------------
connect -url tcp:127.0.0.1:3121
targets -set -filter {jtag_cable_name =~ "Digilent Nexys4DDR 210292646209A" && level==0} -index 0
fpga -file C:/Users/PC/Desktop/FinalProjectECE532/handgesture/handgesture.sdk/handgesture_mb_wrapper_hw_platform_0/handgesture_mb_wrapper.bit
configparams mdm-detect-bscan-mask 2
targets -set -nocase -filter {name =~ "microblaze*#0" && bscan=="USER2"  && jtag_cable_name =~ "Digilent Nexys4DDR 210292646209A"} -index 0
rst -processor
targets -set -nocase -filter {name =~ "microblaze*#0" && bscan=="USER2"  && jtag_cable_name =~ "Digilent Nexys4DDR 210292646209A"} -index 0
dow C:/Users/PC/Desktop/FinalProjectECE532/handgesture/handgesture.sdk/mb_simple/Debug/mb_simple.elf
----------------End of Script----------------

19:54:31 INFO  : Context for processor 'microblaze_0' is selected.
19:54:31 INFO  : 'con' command is executed.
19:54:31 INFO  : ----------------XSDB Script (After Launch)----------------
targets -set -nocase -filter {name =~ "microblaze*#0" && bscan=="USER2"  && jtag_cable_name =~ "Digilent Nexys4DDR 210292646209A"} -index 0
con
----------------End of Script----------------

19:54:31 INFO  : Disconnected from the channel tcfchan#14.
19:58:00 INFO  : Connected to target on host '127.0.0.1' and port '3121'.
19:58:00 INFO  : Jtag cable 'Digilent Nexys4DDR 210292646209A' is selected.
19:58:00 INFO  : 'jtag frequency' command is executed.
19:58:00 INFO  : 'targets -set -filter {jtag_cable_name =~ "Digilent Nexys4DDR 210292646209A" && level==0} -index 0' command is executed.
19:58:03 INFO  : FPGA configured successfully with bitstream "C:/Users/PC/Desktop/FinalProjectECE532/handgesture/handgesture.sdk/handgesture_mb_wrapper_hw_platform_0/handgesture_mb_wrapper.bit"
19:58:03 INFO  : 'configparams mdm-detect-bscan-mask 2' command is executed.
19:58:03 INFO  : Context for processor 'microblaze_0' is selected.
19:58:03 INFO  : Processor reset is completed for 'microblaze_0'.
19:58:03 INFO  : Context for processor 'microblaze_0' is selected.
19:58:03 INFO  : The application 'C:/Users/PC/Desktop/FinalProjectECE532/handgesture/handgesture.sdk/mb_simple/Debug/mb_simple.elf' is downloaded to processor 'microblaze_0'.
19:58:03 INFO  : ----------------XSDB Script----------------
connect -url tcp:127.0.0.1:3121
targets -set -filter {jtag_cable_name =~ "Digilent Nexys4DDR 210292646209A" && level==0} -index 0
fpga -file C:/Users/PC/Desktop/FinalProjectECE532/handgesture/handgesture.sdk/handgesture_mb_wrapper_hw_platform_0/handgesture_mb_wrapper.bit
configparams mdm-detect-bscan-mask 2
targets -set -nocase -filter {name =~ "microblaze*#0" && bscan=="USER2"  && jtag_cable_name =~ "Digilent Nexys4DDR 210292646209A"} -index 0
rst -processor
targets -set -nocase -filter {name =~ "microblaze*#0" && bscan=="USER2"  && jtag_cable_name =~ "Digilent Nexys4DDR 210292646209A"} -index 0
dow C:/Users/PC/Desktop/FinalProjectECE532/handgesture/handgesture.sdk/mb_simple/Debug/mb_simple.elf
----------------End of Script----------------

19:58:03 INFO  : Context for processor 'microblaze_0' is selected.
19:58:03 INFO  : 'con' command is executed.
19:58:03 INFO  : ----------------XSDB Script (After Launch)----------------
targets -set -nocase -filter {name =~ "microblaze*#0" && bscan=="USER2"  && jtag_cable_name =~ "Digilent Nexys4DDR 210292646209A"} -index 0
con
----------------End of Script----------------

19:58:03 INFO  : Disconnected from the channel tcfchan#15.
20:03:32 INFO  : Connected to target on host '127.0.0.1' and port '3121'.
20:03:33 INFO  : Jtag cable 'Digilent Nexys4DDR 210292646209A' is selected.
20:03:33 INFO  : 'jtag frequency' command is executed.
20:03:33 INFO  : 'targets -set -filter {jtag_cable_name =~ "Digilent Nexys4DDR 210292646209A" && level==0} -index 0' command is executed.
20:03:35 INFO  : FPGA configured successfully with bitstream "C:/Users/PC/Desktop/FinalProjectECE532/handgesture/handgesture.sdk/handgesture_mb_wrapper_hw_platform_0/handgesture_mb_wrapper.bit"
20:03:35 INFO  : 'configparams mdm-detect-bscan-mask 2' command is executed.
20:03:35 INFO  : Context for processor 'microblaze_0' is selected.
20:03:35 INFO  : Processor reset is completed for 'microblaze_0'.
20:03:35 INFO  : Context for processor 'microblaze_0' is selected.
20:03:35 INFO  : The application 'C:/Users/PC/Desktop/FinalProjectECE532/handgesture/handgesture.sdk/mb_simple/Debug/mb_simple.elf' is downloaded to processor 'microblaze_0'.
20:03:35 INFO  : ----------------XSDB Script----------------
connect -url tcp:127.0.0.1:3121
targets -set -filter {jtag_cable_name =~ "Digilent Nexys4DDR 210292646209A" && level==0} -index 0
fpga -file C:/Users/PC/Desktop/FinalProjectECE532/handgesture/handgesture.sdk/handgesture_mb_wrapper_hw_platform_0/handgesture_mb_wrapper.bit
configparams mdm-detect-bscan-mask 2
targets -set -nocase -filter {name =~ "microblaze*#0" && bscan=="USER2"  && jtag_cable_name =~ "Digilent Nexys4DDR 210292646209A"} -index 0
rst -processor
targets -set -nocase -filter {name =~ "microblaze*#0" && bscan=="USER2"  && jtag_cable_name =~ "Digilent Nexys4DDR 210292646209A"} -index 0
dow C:/Users/PC/Desktop/FinalProjectECE532/handgesture/handgesture.sdk/mb_simple/Debug/mb_simple.elf
----------------End of Script----------------

20:03:35 INFO  : Context for processor 'microblaze_0' is selected.
20:03:35 INFO  : 'con' command is executed.
20:03:35 INFO  : ----------------XSDB Script (After Launch)----------------
targets -set -nocase -filter {name =~ "microblaze*#0" && bscan=="USER2"  && jtag_cable_name =~ "Digilent Nexys4DDR 210292646209A"} -index 0
con
----------------End of Script----------------

20:03:35 INFO  : Disconnected from the channel tcfchan#16.
